<?xml version="1.0" encoding="UTF-8"?>
<!-- Generated by org.testng.reporters.JUnitXMLReporter -->
<testsuite ignored="4" hostname="Kumars-MacBook-Pro.local" failures="0" tests="1" name="Validation of Automation form Functionality" time="0.388" errors="0" timestamp="17 Apr 2021 22:18:59 GMT">
  <testcase classname="com.org.sdet.selenium.com.org.sdet.selenium.ToolsQATestCases" name="@BeforeMethod setUp" time="0.0">
    <failure type="org.testng.TestNGException" message="
Parameter &amp;apos;userName&amp;apos; is required by BeforeMethod on method setUp but has not been marked @Optional or defined
in /Users/kumarrohit/eclipse-workspace/com.org.gds.ace/testng.xml">
      <![CDATA[org.testng.TestNGException: 
Parameter 'userName' is required by BeforeMethod on method setUp but has not been marked @Optional or defined
in /Users/kumarrohit/eclipse-workspace/com.org.gds.ace/testng.xml
... Removed 24 stack frames]]>
    </failure>
  </testcase> <!-- @BeforeMethod setUp -->
  <testcase classname="com.org.sdet.selenium.com.org.sdet.selenium.ToolsQATestCases" name="validateForm" time="0.0">
    <skipped/>
  </testcase> <!-- validateForm -->
  <testcase classname="com.org.sdet.selenium.com.org.sdet.selenium.ToolsQATestCases" name="selectItems" time="0.0">
    <ignored/>
  </testcase> <!-- selectItems -->
  <testcase classname="com.org.sdet.selenium.com.org.sdet.selenium.ToolsQATestCases" name="validateDragandDrop" time="0.0">
    <ignored/>
  </testcase> <!-- validateDragandDrop -->
  <testcase classname="com.org.sdet.selenium.com.org.sdet.selenium.ToolsQATestCases" name="selectDate" time="0.0">
    <ignored/>
  </testcase> <!-- selectDate -->
  <testcase classname="com.org.sdet.selenium.com.org.sdet.selenium.ToolsQATestCases" name="validationOfSelectmenu" time="0.0">
    <ignored/>
  </testcase> <!-- validationOfSelectmenu -->
</testsuite> <!-- Validation of Automation form Functionality -->
