<?xml version="1.0" encoding="UTF-8"?>
<!-- Generated by org.testng.reporters.JUnitXMLReporter -->
<testsuite ignored="1" hostname="Kumars-MacBook-Pro.local" failures="1" tests="1" name="Validation of Contact Details Functionality" time="45.747" errors="0" timestamp="21 Apr 2021 01:04:25 GMT">
  <testcase classname="com.org.sdet.selenium.com.org.sdet.selenium.TestCases" name="validateContactDetailsSection" time="15.663">
    <failure type="java.lang.AssertionError" message="expected [6502320] but found [650232]">
      <![CDATA[java.lang.AssertionError: expected [6502320] but found [650232]
	at com.qa.pages.GrantContactDetails.enterContactDetailsAndSave(GrantContactDetails.java:176)
	at com.org.sdet.selenium.com.org.sdet.selenium.TestCases.validateContactDetailsSection(TestCases.java:76)
... Removed 31 stack frames]]>
    </failure>
  </testcase> <!-- validateContactDetailsSection -->
  <testcase classname="com.org.sdet.selenium.com.org.sdet.selenium.TestCases" name="validateGrantOptions" time="0.0">
    <ignored/>
  </testcase> <!-- validateGrantOptions -->
</testsuite> <!-- Validation of Contact Details Functionality -->
