<?xml version="1.0" encoding="UTF-8"?>
<testng-results ignored="2" total="4" passed="1" failed="1" skipped="0">
  <reporter-output>
  </reporter-output>
  <suite started-at="2021-04-21T01:02:44Z" name="Suite" finished-at="2021-04-21T01:04:25Z" duration-ms="101078">
    <groups>
    </groups>
    <test started-at="2021-04-21T01:02:44Z" name="Validation of Eligibility Section" finished-at="2021-04-21T01:03:39Z" duration-ms="55283">
      <class name="com.org.sdet.selenium.com.org.sdet.selenium.TestCases">
        <test-method is-config="true" signature="setUp(java.lang.String, java.lang.String, java.lang.String, java.lang.String, java.lang.String, java.lang.String, java.lang.String)[pri:0, instance:com.org.sdet.selenium.com.org.sdet.selenium.TestCases@9573584]" started-at="2021-04-21T02:02:44Z" name="setUp" finished-at="2021-04-21T02:03:06Z" duration-ms="22535" status="PASS">
          <params>
            <param index="0">
              <value>
                <![CDATA[bgp-qa.gds-gov.tech]]>
              </value>
            </param>
            <param index="1">
              <value>
                <![CDATA[public]]>
              </value>
            </param>
            <param index="2">
              <value>
                <![CDATA[Let$BeC001]]>
              </value>
            </param>
            <param index="3">
              <value>
                <![CDATA[S1234567A]]>
              </value>
            </param>
            <param index="4">
              <value>
                <![CDATA[Tan Ah Kow]]>
              </value>
            </param>
            <param index="5">
              <value>
                <![CDATA[BGPQEDEMO]]>
              </value>
            </param>
            <param index="6">
              <value>
                <![CDATA[Acceptor]]>
              </value>
            </param>
          </params>
          <reporter-output>
          </reporter-output>
        </test-method> <!-- setUp -->
        <test-method signature="validateGrantOptions(java.lang.String, java.lang.String, java.lang.String)[pri:0, instance:com.org.sdet.selenium.com.org.sdet.selenium.TestCases@9573584]" started-at="2021-04-21T02:03:06Z" name="validateGrantOptions" finished-at="2021-04-21T02:03:39Z" duration-ms="32575" status="PASS">
          <params>
            <param index="0">
              <value>
                <![CDATA[Is the applicant registered in Singapore?;Is the applicant's group sales turnover less than or equal to S$100m or is the applicant's group employment size less than or equal to 200?;Does the applicant have at least 30% ;Is the ;Are ]]>
              </value>
            </param>
            <param index="1">
              <value>
                <![CDATA[The applicant may not meet the eligibility criteria for this grant. Visit FAQ page for more information on other government grants.]]>
              </value>
            </param>
            <param index="2">
              <value>
                <![CDATA[https://www.gov.sg/#FAQ_1111145]]>
              </value>
            </param>
          </params>
          <reporter-output>
          </reporter-output>
        </test-method> <!-- validateGrantOptions -->
        <test-method is-config="true" signature="tearDown()[pri:0, instance:com.org.sdet.selenium.com.org.sdet.selenium.TestCases@9573584]" started-at="2021-04-21T02:03:39Z" name="tearDown" finished-at="2021-04-21T02:03:39Z" duration-ms="156" status="PASS">
          <reporter-output>
          </reporter-output>
        </test-method> <!-- tearDown -->
      </class> <!-- com.org.sdet.selenium.com.org.sdet.selenium.TestCases -->
    </test> <!-- Validation of Eligibility Section -->
    <test started-at="2021-04-21T01:03:39Z" name="Validation of Contact Details Functionality" finished-at="2021-04-21T01:04:25Z" duration-ms="45747">
      <class name="com.org.sdet.selenium.com.org.sdet.selenium.TestCases">
        <test-method is-config="true" signature="setUp(java.lang.String, java.lang.String, java.lang.String, java.lang.String, java.lang.String, java.lang.String, java.lang.String)[pri:0, instance:com.org.sdet.selenium.com.org.sdet.selenium.TestCases@6d07a63d]" started-at="2021-04-21T02:03:39Z" name="setUp" finished-at="2021-04-21T02:04:09Z" duration-ms="29960" status="PASS">
          <params>
            <param index="0">
              <value>
                <![CDATA[bgp-qa.gds-gov.tech]]>
              </value>
            </param>
            <param index="1">
              <value>
                <![CDATA[public]]>
              </value>
            </param>
            <param index="2">
              <value>
                <![CDATA[Let$BeC001]]>
              </value>
            </param>
            <param index="3">
              <value>
                <![CDATA[S1234567A]]>
              </value>
            </param>
            <param index="4">
              <value>
                <![CDATA[Tan Ah Kow]]>
              </value>
            </param>
            <param index="5">
              <value>
                <![CDATA[BGPQEDEMO]]>
              </value>
            </param>
            <param index="6">
              <value>
                <![CDATA[Acceptor]]>
              </value>
            </param>
          </params>
          <reporter-output>
          </reporter-output>
        </test-method> <!-- setUp -->
        <test-method signature="validateContactDetailsSection(java.lang.String, java.lang.String, java.lang.String, java.lang.String, java.lang.String)[pri:1, instance:com.org.sdet.selenium.com.org.sdet.selenium.TestCases@6d07a63d]" started-at="2021-04-21T02:04:09Z" name="validateContactDetailsSection" finished-at="2021-04-21T02:04:25Z" duration-ms="15663" status="FAIL">
          <params>
            <param index="0">
              <value>
                <![CDATA[Arvind]]>
              </value>
            </param>
            <param index="1">
              <value>
                <![CDATA[Test Lead]]>
              </value>
            </param>
            <param index="2">
              <value>
                <![CDATA[test@test.com]]>
              </value>
            </param>
            <param index="3">
              <value>
                <![CDATA[09876543]]>
              </value>
            </param>
            <param index="4">
              <value>
                <![CDATA[6502320]]>
              </value>
            </param>
          </params>
          <exception class="java.lang.AssertionError">
            <message>
              <![CDATA[expected [6502320] but found [650232]]]>
            </message>
            <full-stacktrace>
              <![CDATA[java.lang.AssertionError: expected [6502320] but found [650232]
	at org.testng.Assert.fail(Assert.java:93)
	at org.testng.Assert.failNotEquals(Assert.java:512)
	at org.testng.Assert.assertEqualsImpl(Assert.java:134)
	at org.testng.Assert.assertEquals(Assert.java:115)
	at org.testng.Assert.assertEquals(Assert.java:189)
	at org.testng.Assert.assertEquals(Assert.java:199)
	at com.qa.pages.GrantContactDetails.enterContactDetailsAndSave(GrantContactDetails.java:176)
	at com.org.sdet.selenium.com.org.sdet.selenium.TestCases.validateContactDetailsSection(TestCases.java:76)
	at java.base/jdk.internal.reflect.NativeMethodAccessorImpl.invoke0(Native Method)
	at java.base/jdk.internal.reflect.NativeMethodAccessorImpl.invoke(NativeMethodAccessorImpl.java:62)
	at java.base/jdk.internal.reflect.DelegatingMethodAccessorImpl.invoke(DelegatingMethodAccessorImpl.java:43)
	at java.base/java.lang.reflect.Method.invoke(Method.java:566)
	at org.testng.internal.MethodInvocationHelper.invokeMethod(MethodInvocationHelper.java:108)
	at org.testng.internal.Invoker.invokeMethod(Invoker.java:661)
	at org.testng.internal.Invoker.invokeTestMethod(Invoker.java:869)
	at org.testng.internal.Invoker.invokeTestMethods(Invoker.java:1193)
	at org.testng.internal.TestMethodWorker.invokeTestMethods(TestMethodWorker.java:126)
	at org.testng.internal.TestMethodWorker.run(TestMethodWorker.java:109)
	at org.testng.TestRunner.privateRun(TestRunner.java:744)
	at org.testng.TestRunner.run(TestRunner.java:602)
	at org.testng.SuiteRunner.runTest(SuiteRunner.java:380)
	at org.testng.SuiteRunner.runSequentially(SuiteRunner.java:375)
	at org.testng.SuiteRunner.privateRun(SuiteRunner.java:340)
	at org.testng.SuiteRunner.run(SuiteRunner.java:289)
	at org.testng.SuiteRunnerWorker.runSuite(SuiteRunnerWorker.java:52)
	at org.testng.SuiteRunnerWorker.run(SuiteRunnerWorker.java:86)
	at org.testng.TestNG.runSuitesSequentially(TestNG.java:1301)
	at org.testng.TestNG.runSuitesLocally(TestNG.java:1226)
	at org.testng.TestNG.runSuites(TestNG.java:1144)
	at org.testng.TestNG.run(TestNG.java:1115)
	at org.testng.remote.AbstractRemoteTestNG.run(AbstractRemoteTestNG.java:115)
	at org.testng.remote.RemoteTestNG.initAndRun(RemoteTestNG.java:251)
	at org.testng.remote.RemoteTestNG.main(RemoteTestNG.java:77)
]]>
            </full-stacktrace>
          </exception> <!-- java.lang.AssertionError -->
          <reporter-output>
          </reporter-output>
        </test-method> <!-- validateContactDetailsSection -->
        <test-method is-config="true" signature="tearDown()[pri:0, instance:com.org.sdet.selenium.com.org.sdet.selenium.TestCases@6d07a63d]" started-at="2021-04-21T02:04:25Z" name="tearDown" finished-at="2021-04-21T02:04:25Z" duration-ms="111" status="PASS">
          <reporter-output>
          </reporter-output>
        </test-method> <!-- tearDown -->
      </class> <!-- com.org.sdet.selenium.com.org.sdet.selenium.TestCases -->
    </test> <!-- Validation of Contact Details Functionality -->
  </suite> <!-- Suite -->
</testng-results>
